  MidiJackPlugin.cpp
C:\Program Files (x86)\Microsoft Visual Studio\2019\Community\VC\Tools\MSVC\14.28.29333\include\xstring(2468,23): warning C4244: 'argument' : conversion de 'wchar_t' en 'const _Elem', perte possible de données
          with
          [
              _Elem=char
          ]
C:\Program Files (x86)\Microsoft Visual Studio\2019\Community\VC\Tools\MSVC\14.28.29333\include\xstring(2479): message : voir la référence à l'instanciation de la fonction modèle 'void std::basic_string<char,std::char_traits<char>,std::allocator<char>>::_Construct<wchar_t*>(_Iter,const _Iter,std::input_iterator_tag)' en cours de compilation
          with
          [
              _Iter=wchar_t *
          ]
C:\Program Files (x86)\Microsoft Visual Studio\2019\Community\VC\Tools\MSVC\14.28.29333\include\xstring(2479): message : voir la référence à l'instanciation de la fonction modèle 'void std::basic_string<char,std::char_traits<char>,std::allocator<char>>::_Construct<wchar_t*>(_Iter,const _Iter,std::input_iterator_tag)' en cours de compilation
          with
          [
              _Iter=wchar_t *
          ]
C:\Program Files (x86)\Microsoft Visual Studio\2019\Community\VC\Tools\MSVC\14.28.29333\include\xstring(2459): message : voir la référence à l'instanciation de la fonction modèle 'void std::basic_string<char,std::char_traits<char>,std::allocator<char>>::_Construct<wchar_t*>(const _Iter,const _Iter,std::forward_iterator_tag)' en cours de compilation
          with
          [
              _Iter=wchar_t *
          ]
C:\Program Files (x86)\Microsoft Visual Studio\2019\Community\VC\Tools\MSVC\14.28.29333\include\xstring(2459): message : voir la référence à l'instanciation de la fonction modèle 'void std::basic_string<char,std::char_traits<char>,std::allocator<char>>::_Construct<wchar_t*>(const _Iter,const _Iter,std::forward_iterator_tag)' en cours de compilation
          with
          [
              _Iter=wchar_t *
          ]
F:\Users\pompo\Desktop\Bazar\Developement\LivePianoVisualizer\MidiDLLProject\VisualStudio\MidiJackPlugin\MidiJackPlugin.cpp(100): message : voir la référence à l'instanciation de la fonction modèle 'std::basic_string<char,std::char_traits<char>,std::allocator<char>>::basic_string<std::_String_iterator<std::_String_val<std::_Simple_types<_Elem>>>,0>(_Iter,_Iter,const _Alloc &)' en cours de compilation
          with
          [
              _Elem=wchar_t,
              _Iter=std::_String_iterator<std::_String_val<std::_Simple_types<wchar_t>>>,
              _Alloc=std::allocator<char>
          ]
F:\Users\pompo\Desktop\Bazar\Developement\LivePianoVisualizer\MidiDLLProject\VisualStudio\MidiJackPlugin\MidiJackPlugin.cpp(100): message : voir la référence à l'instanciation de la fonction modèle 'std::basic_string<char,std::char_traits<char>,std::allocator<char>>::basic_string<std::_String_iterator<std::_String_val<std::_Simple_types<_Elem>>>,0>(_Iter,_Iter,const _Alloc &)' en cours de compilation
          with
          [
              _Elem=wchar_t,
              _Iter=std::_String_iterator<std::_String_val<std::_Simple_types<wchar_t>>>,
              _Alloc=std::allocator<char>
          ]
     Création de la bibliothèque F:\Users\pompo\Desktop\Bazar\Developement\LivePianoVisualizer\MidiDLLProject\VisualStudio\x64\Release\MidiJackPlugin.lib et de l'objet F:\Users\pompo\Desktop\Bazar\Developement\LivePianoVisualizer\MidiDLLProject\VisualStudio\x64\Release\MidiJackPlugin.exp
  Génération de code en cours
  18 of 389 functions ( 4.6%) were compiled, the rest were copied from previous compilation.
    7 functions were new in current compilation
    23 functions had inline decision re-evaluated but remain unchanged
  Fin de la génération du code
  MidiJackPlugin.vcxproj -> F:\Users\pompo\Desktop\Bazar\Developement\LivePianoVisualizer\MidiDLLProject\VisualStudio\x64\Release\MidiJackPlugin.dll
